\BOOKMARK [0][-]{chapter.1}{\376\377\0001\000\040\000H\000i\000e\000r\000a\000r\000c\000h\000i\000c\000a\000l\000\040\000I\000n\000d\000e\000x}{}% 1
\BOOKMARK [1][-]{section.1.1}{\376\377\0001\000.\0001\000\040\000C\000l\000a\000s\000s\000\040\000H\000i\000e\000r\000a\000r\000c\000h\000y}{chapter.1}% 2
\BOOKMARK [0][-]{chapter.2}{\376\377\0002\000\040\000C\000l\000a\000s\000s\000\040\000I\000n\000d\000e\000x}{}% 3
\BOOKMARK [1][-]{section.2.1}{\376\377\0002\000.\0001\000\040\000C\000l\000a\000s\000s\000\040\000L\000i\000s\000t}{chapter.2}% 4
\BOOKMARK [0][-]{chapter.3}{\376\377\0003\000\040\000C\000l\000a\000s\000s\000\040\000D\000o\000c\000u\000m\000e\000n\000t\000a\000t\000i\000o\000n}{}% 5
\BOOKMARK [1][-]{section.3.1}{\376\377\0003\000.\0001\000\040\000A\000r\000e\000a\000\040\000C\000l\000a\000s\000s\000\040\000R\000e\000f\000e\000r\000e\000n\000c\000e}{chapter.3}% 6
\BOOKMARK [2][-]{subsection.3.1.1}{\376\377\0003\000.\0001\000.\0001\000\040\000D\000e\000t\000a\000i\000l\000e\000d\000\040\000D\000e\000s\000c\000r\000i\000p\000t\000i\000o\000n}{section.3.1}% 7
\BOOKMARK [2][-]{subsection.3.1.2}{\376\377\0003\000.\0001\000.\0002\000\040\000M\000e\000m\000b\000e\000r\000\040\000F\000u\000n\000c\000t\000i\000o\000n\000\040\000D\000o\000c\000u\000m\000e\000n\000t\000a\000t\000i\000o\000n}{section.3.1}% 8
\BOOKMARK [3][-]{subsubsection.3.1.2.1}{\376\377\0003\000.\0001\000.\0002\000.\0001\000\040\000C\000r\000e\000a\000t\000e\000P\000a\000g\000e\000D\000a\000t\000a\000\050\000\051}{subsection.3.1.2}% 9
\BOOKMARK [1][-]{section.3.2}{\376\377\0003\000.\0002\000\040\000i\000n\000j\000a\000:\000:\000A\000s\000t\000N\000o\000d\000e\000\040\000C\000l\000a\000s\000s\000\040\000R\000e\000f\000e\000r\000e\000n\000c\000e}{chapter.3}% 10
\BOOKMARK [2][-]{subsection.3.2.1}{\376\377\0003\000.\0002\000.\0001\000\040\000D\000e\000t\000a\000i\000l\000e\000d\000\040\000D\000e\000s\000c\000r\000i\000p\000t\000i\000o\000n}{section.3.2}% 11
\BOOKMARK [1][-]{section.3.3}{\376\377\0003\000.\0003\000\040\000i\000n\000j\000a\000:\000:\000B\000l\000o\000c\000k\000N\000o\000d\000e\000\040\000C\000l\000a\000s\000s\000\040\000R\000e\000f\000e\000r\000e\000n\000c\000e}{chapter.3}% 12
\BOOKMARK [1][-]{section.3.4}{\376\377\0003\000.\0004\000\040\000C\000a\000t\000e\000g\000o\000r\000y\000\040\000C\000l\000a\000s\000s\000\040\000R\000e\000f\000e\000r\000e\000n\000c\000e}{chapter.3}% 13
\BOOKMARK [2][-]{subsection.3.4.1}{\376\377\0003\000.\0004\000.\0001\000\040\000D\000e\000t\000a\000i\000l\000e\000d\000\040\000D\000e\000s\000c\000r\000i\000p\000t\000i\000o\000n}{section.3.4}% 14
\BOOKMARK [2][-]{subsection.3.4.2}{\376\377\0003\000.\0004\000.\0002\000\040\000M\000e\000m\000b\000e\000r\000\040\000F\000u\000n\000c\000t\000i\000o\000n\000\040\000D\000o\000c\000u\000m\000e\000n\000t\000a\000t\000i\000o\000n}{section.3.4}% 15
\BOOKMARK [3][-]{subsubsection.3.4.2.1}{\376\377\0003\000.\0004\000.\0002\000.\0001\000\040\000C\000r\000e\000a\000t\000e\000P\000a\000g\000e\000D\000a\000t\000a\000\050\000\051}{subsection.3.4.2}% 16
\BOOKMARK [1][-]{section.3.5}{\376\377\0003\000.\0005\000\040\000i\000n\000j\000a\000:\000:\000E\000n\000v\000i\000r\000o\000n\000m\000e\000n\000t\000\040\000C\000l\000a\000s\000s\000\040\000R\000e\000f\000e\000r\000e\000n\000c\000e}{chapter.3}% 17
\BOOKMARK [2][-]{subsection.3.5.1}{\376\377\0003\000.\0005\000.\0001\000\040\000D\000e\000t\000a\000i\000l\000e\000d\000\040\000D\000e\000s\000c\000r\000i\000p\000t\000i\000o\000n}{section.3.5}% 18
\BOOKMARK [2][-]{subsection.3.5.2}{\376\377\0003\000.\0005\000.\0002\000\040\000M\000e\000m\000b\000e\000r\000\040\000F\000u\000n\000c\000t\000i\000o\000n\000\040\000D\000o\000c\000u\000m\000e\000n\000t\000a\000t\000i\000o\000n}{section.3.5}% 19
\BOOKMARK [3][-]{subsubsection.3.5.2.1}{\376\377\0003\000.\0005\000.\0002\000.\0001\000\040\000i\000n\000c\000l\000u\000d\000e\000\137\000t\000e\000m\000p\000l\000a\000t\000e\000\050\000\051}{subsection.3.5.2}% 20
\BOOKMARK [1][-]{section.3.6}{\376\377\0003\000.\0006\000\040\000i\000n\000j\000a\000:\000:\000E\000x\000p\000r\000e\000s\000s\000i\000o\000n\000L\000i\000s\000t\000N\000o\000d\000e\000\040\000C\000l\000a\000s\000s\000\040\000R\000e\000f\000e\000r\000e\000n\000c\000e}{chapter.3}% 21
\BOOKMARK [1][-]{section.3.7}{\376\377\0003\000.\0007\000\040\000i\000n\000j\000a\000:\000:\000E\000x\000p\000r\000e\000s\000s\000i\000o\000n\000N\000o\000d\000e\000\040\000C\000l\000a\000s\000s\000\040\000R\000e\000f\000e\000r\000e\000n\000c\000e}{chapter.3}% 22
\BOOKMARK [1][-]{section.3.8}{\376\377\0003\000.\0008\000\040\000i\000n\000j\000a\000:\000:\000F\000i\000l\000e\000E\000r\000r\000o\000r\000\040\000S\000t\000r\000u\000c\000t\000\040\000R\000e\000f\000e\000r\000e\000n\000c\000e}{chapter.3}% 23
\BOOKMARK [1][-]{section.3.9}{\376\377\0003\000.\0009\000\040\000i\000n\000j\000a\000:\000:\000F\000o\000r\000A\000r\000r\000a\000y\000S\000t\000a\000t\000e\000m\000e\000n\000t\000N\000o\000d\000e\000\040\000C\000l\000a\000s\000s\000\040\000R\000e\000f\000e\000r\000e\000n\000c\000e}{chapter.3}% 24
\BOOKMARK [1][-]{section.3.10}{\376\377\0003\000.\0001\0000\000\040\000i\000n\000j\000a\000:\000:\000F\000o\000r\000O\000b\000j\000e\000c\000t\000S\000t\000a\000t\000e\000m\000e\000n\000t\000N\000o\000d\000e\000\040\000C\000l\000a\000s\000s\000\040\000R\000e\000f\000e\000r\000e\000n\000c\000e}{chapter.3}% 25
\BOOKMARK [1][-]{section.3.11}{\376\377\0003\000.\0001\0001\000\040\000i\000n\000j\000a\000:\000:\000F\000o\000r\000S\000t\000a\000t\000e\000m\000e\000n\000t\000N\000o\000d\000e\000\040\000C\000l\000a\000s\000s\000\040\000R\000e\000f\000e\000r\000e\000n\000c\000e}{chapter.3}% 26
\BOOKMARK [1][-]{section.3.12}{\376\377\0003\000.\0001\0002\000\040\000i\000n\000j\000a\000:\000:\000F\000u\000n\000c\000t\000i\000o\000n\000S\000t\000o\000r\000a\000g\000e\000:\000:\000F\000u\000n\000c\000t\000i\000o\000n\000D\000a\000t\000a\000\040\000S\000t\000r\000u\000c\000t\000\040\000R\000e\000f\000e\000r\000e\000n\000c\000e}{chapter.3}% 27
\BOOKMARK [1][-]{section.3.13}{\376\377\0003\000.\0001\0003\000\040\000i\000n\000j\000a\000:\000:\000F\000u\000n\000c\000t\000i\000o\000n\000N\000o\000d\000e\000\040\000C\000l\000a\000s\000s\000\040\000R\000e\000f\000e\000r\000e\000n\000c\000e}{chapter.3}% 28
\BOOKMARK [1][-]{section.3.14}{\376\377\0003\000.\0001\0004\000\040\000i\000n\000j\000a\000:\000:\000F\000u\000n\000c\000t\000i\000o\000n\000S\000t\000o\000r\000a\000g\000e\000\040\000C\000l\000a\000s\000s\000\040\000R\000e\000f\000e\000r\000e\000n\000c\000e}{chapter.3}% 29
\BOOKMARK [2][-]{subsection.3.14.1}{\376\377\0003\000.\0001\0004\000.\0001\000\040\000D\000e\000t\000a\000i\000l\000e\000d\000\040\000D\000e\000s\000c\000r\000i\000p\000t\000i\000o\000n}{section.3.14}% 30
\BOOKMARK [1][-]{section.3.15}{\376\377\0003\000.\0001\0005\000\040\000i\000n\000j\000a\000:\000:\000I\000f\000S\000t\000a\000t\000e\000m\000e\000n\000t\000N\000o\000d\000e\000\040\000C\000l\000a\000s\000s\000\040\000R\000e\000f\000e\000r\000e\000n\000c\000e}{chapter.3}% 31
\BOOKMARK [1][-]{section.3.16}{\376\377\0003\000.\0001\0006\000\040\000i\000n\000j\000a\000:\000:\000I\000n\000c\000l\000u\000d\000e\000S\000t\000a\000t\000e\000m\000e\000n\000t\000N\000o\000d\000e\000\040\000C\000l\000a\000s\000s\000\040\000R\000e\000f\000e\000r\000e\000n\000c\000e}{chapter.3}% 32
\BOOKMARK [1][-]{section.3.17}{\376\377\0003\000.\0001\0007\000\040\000i\000n\000j\000a\000:\000:\000I\000n\000j\000a\000E\000r\000r\000o\000r\000\040\000S\000t\000r\000u\000c\000t\000\040\000R\000e\000f\000e\000r\000e\000n\000c\000e}{chapter.3}% 33
\BOOKMARK [1][-]{section.3.18}{\376\377\0003\000.\0001\0008\000\040\000i\000n\000j\000a\000:\000:\000J\000s\000o\000n\000E\000r\000r\000o\000r\000\040\000S\000t\000r\000u\000c\000t\000\040\000R\000e\000f\000e\000r\000e\000n\000c\000e}{chapter.3}% 34
\BOOKMARK [1][-]{section.3.19}{\376\377\0003\000.\0001\0009\000\040\000i\000n\000j\000a\000:\000:\000J\000s\000o\000n\000N\000o\000d\000e\000\040\000C\000l\000a\000s\000s\000\040\000R\000e\000f\000e\000r\000e\000n\000c\000e}{chapter.3}% 35
\BOOKMARK [1][-]{section.3.20}{\376\377\0003\000.\0002\0000\000\040\000i\000n\000j\000a\000:\000:\000L\000e\000x\000e\000r\000\040\000C\000l\000a\000s\000s\000\040\000R\000e\000f\000e\000r\000e\000n\000c\000e}{chapter.3}% 36
\BOOKMARK [2][-]{subsection.3.20.1}{\376\377\0003\000.\0002\0000\000.\0001\000\040\000D\000e\000t\000a\000i\000l\000e\000d\000\040\000D\000e\000s\000c\000r\000i\000p\000t\000i\000o\000n}{section.3.20}% 37
\BOOKMARK [1][-]{section.3.21}{\376\377\0003\000.\0002\0001\000\040\000i\000n\000j\000a\000:\000:\000L\000i\000t\000e\000r\000a\000l\000N\000o\000d\000e\000\040\000C\000l\000a\000s\000s\000\040\000R\000e\000f\000e\000r\000e\000n\000c\000e}{chapter.3}% 38
\BOOKMARK [1][-]{section.3.22}{\376\377\0003\000.\0002\0002\000\040\000i\000n\000j\000a\000:\000:\000N\000o\000d\000e\000V\000i\000s\000i\000t\000o\000r\000\040\000C\000l\000a\000s\000s\000\040\000R\000e\000f\000e\000r\000e\000n\000c\000e}{chapter.3}% 39
\BOOKMARK [1][-]{section.3.23}{\376\377\0003\000.\0002\0003\000\040\000P\000a\000g\000e\000\040\000C\000l\000a\000s\000s\000\040\000R\000e\000f\000e\000r\000e\000n\000c\000e}{chapter.3}% 40
\BOOKMARK [2][-]{subsection.3.23.1}{\376\377\0003\000.\0002\0003\000.\0001\000\040\000D\000e\000t\000a\000i\000l\000e\000d\000\040\000D\000e\000s\000c\000r\000i\000p\000t\000i\000o\000n}{section.3.23}% 41
\BOOKMARK [2][-]{subsection.3.23.2}{\376\377\0003\000.\0002\0003\000.\0002\000\040\000M\000e\000m\000b\000e\000r\000\040\000F\000u\000n\000c\000t\000i\000o\000n\000\040\000D\000o\000c\000u\000m\000e\000n\000t\000a\000t\000i\000o\000n}{section.3.23}% 42
\BOOKMARK [3][-]{subsubsection.3.23.2.1}{\376\377\0003\000.\0002\0003\000.\0002\000.\0001\000\040\000C\000r\000e\000a\000t\000e\000P\000a\000g\000e\000D\000a\000t\000a\000\050\000\051}{subsection.3.23.2}% 43
\BOOKMARK [3][-]{subsubsection.3.23.2.2}{\376\377\0003\000.\0002\0003\000.\0002\000.\0002\000\040\000G\000e\000n\000e\000r\000a\000t\000e\000C\000h\000i\000l\000d\000N\000o\000d\000e\000s\000\050\000\051}{subsection.3.23.2}% 44
\BOOKMARK [3][-]{subsubsection.3.23.2.3}{\376\377\0003\000.\0002\0003\000.\0002\000.\0003\000\040\000G\000e\000n\000e\000r\000a\000t\000e\000P\000a\000r\000e\000n\000t\000N\000o\000d\000e\000s\000\050\000\051}{subsection.3.23.2}% 45
\BOOKMARK [2][-]{subsection.3.23.3}{\376\377\0003\000.\0002\0003\000.\0003\000\040\000M\000e\000m\000b\000e\000r\000\040\000D\000a\000t\000a\000\040\000D\000o\000c\000u\000m\000e\000n\000t\000a\000t\000i\000o\000n}{section.3.23}% 46
\BOOKMARK [3][-]{subsubsection.3.23.3.1}{\376\377\0003\000.\0002\0003\000.\0003\000.\0001\000\040\000c\000h\000i\000l\000d\000\137\000n\000o\000d\000e\000s\000\137}{subsection.3.23.3}% 47
\BOOKMARK [3][-]{subsubsection.3.23.3.2}{\376\377\0003\000.\0002\0003\000.\0003\000.\0002\000\040\000p\000a\000r\000e\000n\000t\000\137\000n\000o\000d\000e\000s\000\137}{subsection.3.23.3}% 48
\BOOKMARK [1][-]{section.3.24}{\376\377\0003\000.\0002\0004\000\040\000i\000n\000j\000a\000:\000:\000P\000a\000r\000s\000e\000r\000\040\000C\000l\000a\000s\000s\000\040\000R\000e\000f\000e\000r\000e\000n\000c\000e}{chapter.3}% 49
\BOOKMARK [2][-]{subsection.3.24.1}{\376\377\0003\000.\0002\0004\000.\0001\000\040\000D\000e\000t\000a\000i\000l\000e\000d\000\040\000D\000e\000s\000c\000r\000i\000p\000t\000i\000o\000n}{section.3.24}% 50
\BOOKMARK [1][-]{section.3.25}{\376\377\0003\000.\0002\0005\000\040\000i\000n\000j\000a\000:\000:\000P\000a\000r\000s\000e\000r\000E\000r\000r\000o\000r\000\040\000S\000t\000r\000u\000c\000t\000\040\000R\000e\000f\000e\000r\000e\000n\000c\000e}{chapter.3}% 51
\BOOKMARK [1][-]{section.3.26}{\376\377\0003\000.\0002\0006\000\040\000i\000n\000j\000a\000:\000:\000R\000e\000n\000d\000e\000r\000e\000r\000\040\000C\000l\000a\000s\000s\000\040\000R\000e\000f\000e\000r\000e\000n\000c\000e}{chapter.3}% 52
\BOOKMARK [2][-]{subsection.3.26.1}{\376\377\0003\000.\0002\0006\000.\0001\000\040\000D\000e\000t\000a\000i\000l\000e\000d\000\040\000D\000e\000s\000c\000r\000i\000p\000t\000i\000o\000n}{section.3.26}% 53
\BOOKMARK [1][-]{section.3.27}{\376\377\0003\000.\0002\0007\000\040\000i\000n\000j\000a\000:\000:\000R\000e\000n\000d\000e\000r\000E\000r\000r\000o\000r\000\040\000S\000t\000r\000u\000c\000t\000\040\000R\000e\000f\000e\000r\000e\000n\000c\000e}{chapter.3}% 54
\BOOKMARK [1][-]{section.3.28}{\376\377\0003\000.\0002\0008\000\040\000S\000e\000r\000v\000e\000r\000F\000r\000a\000m\000e\000\040\000C\000l\000a\000s\000s\000\040\000R\000e\000f\000e\000r\000e\000n\000c\000e}{chapter.3}% 55
\BOOKMARK [2][-]{subsection.3.28.1}{\376\377\0003\000.\0002\0008\000.\0001\000\040\000D\000e\000t\000a\000i\000l\000e\000d\000\040\000D\000e\000s\000c\000r\000i\000p\000t\000i\000o\000n}{section.3.28}% 56
\BOOKMARK [2][-]{subsection.3.28.2}{\376\377\0003\000.\0002\0008\000.\0002\000\040\000C\000o\000n\000s\000t\000r\000u\000c\000t\000o\000r\000\040\000\046\000\040\000D\000e\000s\000t\000r\000u\000c\000t\000o\000r\000\040\000D\000o\000c\000u\000m\000e\000n\000t\000a\000t\000i\000o\000n}{section.3.28}% 57
\BOOKMARK [3][-]{subsubsection.3.28.2.1}{\376\377\0003\000.\0002\0008\000.\0002\000.\0001\000\040\000S\000e\000r\000v\000e\000r\000F\000r\000a\000m\000e\000\050\000\051}{subsection.3.28.2}% 58
\BOOKMARK [2][-]{subsection.3.28.3}{\376\377\0003\000.\0002\0008\000.\0003\000\040\000M\000e\000m\000b\000e\000r\000\040\000F\000u\000n\000c\000t\000i\000o\000n\000\040\000D\000o\000c\000u\000m\000e\000n\000t\000a\000t\000i\000o\000n}{section.3.28}% 59
\BOOKMARK [3][-]{subsubsection.3.28.3.1}{\376\377\0003\000.\0002\0008\000.\0003\000.\0001\000\040\000A\000d\000d\000E\000l\000e\000m\000\050\000\051}{subsection.3.28.3}% 60
\BOOKMARK [3][-]{subsubsection.3.28.3.2}{\376\377\0003\000.\0002\0008\000.\0003\000.\0002\000\040\000B\000a\000c\000k\000u\000p\000s\000\050\000\051}{subsection.3.28.3}% 61
\BOOKMARK [3][-]{subsubsection.3.28.3.3}{\376\377\0003\000.\0002\0008\000.\0003\000.\0003\000\040\000C\000h\000e\000c\000k\000R\000u\000n\000n\000i\000n\000g\000\050\000\051}{subsection.3.28.3}% 62
\BOOKMARK [3][-]{subsubsection.3.28.3.4}{\376\377\0003\000.\0002\0008\000.\0003\000.\0004\000\040\000C\000r\000e\000a\000t\000e\000R\000e\000q\000u\000e\000s\000t\000\050\000\051}{subsection.3.28.3}% 63
\BOOKMARK [3][-]{subsubsection.3.28.3.5}{\376\377\0003\000.\0002\0008\000.\0003\000.\0005\000\040\000D\000e\000l\000E\000l\000e\000m\000\050\000\051}{subsection.3.28.3}% 64
\BOOKMARK [3][-]{subsubsection.3.28.3.6}{\376\377\0003\000.\0002\0008\000.\0003\000.\0006\000\040\000D\000e\000l\000U\000s\000e\000r\000\050\000\051}{subsection.3.28.3}% 65
\BOOKMARK [3][-]{subsubsection.3.28.3.7}{\376\377\0003\000.\0002\0008\000.\0003\000.\0007\000\040\000D\000o\000L\000o\000g\000i\000n\000\050\000\051}{subsection.3.28.3}% 66
\BOOKMARK [3][-]{subsubsection.3.28.3.8}{\376\377\0003\000.\0002\0008\000.\0003\000.\0008\000\040\000D\000o\000L\000o\000g\000o\000u\000t\000\050\000\051}{subsection.3.28.3}% 67
\BOOKMARK [3][-]{subsubsection.3.28.3.9}{\376\377\0003\000.\0002\0008\000.\0003\000.\0009\000\040\000D\000o\000R\000e\000g\000i\000s\000t\000r\000a\000t\000i\000o\000n\000\050\000\051}{subsection.3.28.3}% 68
\BOOKMARK [3][-]{subsubsection.3.28.3.10}{\376\377\0003\000.\0002\0008\000.\0003\000.\0001\0000\000\040\000G\000e\000t\000L\000o\000g\000\050\000\051}{subsection.3.28.3}% 69
\BOOKMARK [3][-]{subsubsection.3.28.3.11}{\376\377\0003\000.\0002\0008\000.\0003\000.\0001\0001\000\040\000G\000r\000a\000n\000t\000A\000c\000c\000e\000s\000s\000T\000o\000\050\000\051}{subsection.3.28.3}% 70
\BOOKMARK [3][-]{subsubsection.3.28.3.12}{\376\377\0003\000.\0002\0008\000.\0003\000.\0001\0002\000\040\000I\000s\000R\000u\000n\000n\000i\000n\000g\000\050\000\051}{subsection.3.28.3}% 71
\BOOKMARK [3][-]{subsubsection.3.28.3.13}{\376\377\0003\000.\0002\0008\000.\0003\000.\0001\0003\000\040\000L\000o\000g\000i\000n\000P\000a\000g\000e\000\050\000\051}{subsection.3.28.3}% 72
\BOOKMARK [3][-]{subsubsection.3.28.3.14}{\376\377\0003\000.\0002\0008\000.\0003\000.\0001\0004\000\040\000S\000e\000r\000v\000e\000F\000i\000l\000e\000\050\000\051}{subsection.3.28.3}% 73
\BOOKMARK [3][-]{subsubsection.3.28.3.15}{\376\377\0003\000.\0002\0008\000.\0003\000.\0001\0005\000\040\000S\000t\000a\000r\000t\000\050\000\051}{subsection.3.28.3}% 74
\BOOKMARK [3][-]{subsubsection.3.28.3.16}{\376\377\0003\000.\0002\0008\000.\0003\000.\0001\0006\000\040\000S\000t\000a\000r\000t\000G\000a\000m\000e\000\050\000\051}{subsection.3.28.3}% 75
\BOOKMARK [3][-]{subsubsection.3.28.3.17}{\376\377\0003\000.\0002\0008\000.\0003\000.\0001\0007\000\040\000W\000r\000i\000t\000e\000O\000b\000j\000e\000c\000t\000\050\000\051}{subsection.3.28.3}% 76
\BOOKMARK [1][-]{section.3.29}{\376\377\0003\000.\0002\0009\000\040\000i\000n\000j\000a\000:\000:\000S\000e\000t\000S\000t\000a\000t\000e\000m\000e\000n\000t\000N\000o\000d\000e\000\040\000C\000l\000a\000s\000s\000\040\000R\000e\000f\000e\000r\000e\000n\000c\000e}{chapter.3}% 77
\BOOKMARK [1][-]{section.3.30}{\376\377\0003\000.\0003\0000\000\040\000i\000n\000j\000a\000:\000:\000S\000o\000u\000r\000c\000e\000L\000o\000c\000a\000t\000i\000o\000n\000\040\000S\000t\000r\000u\000c\000t\000\040\000R\000e\000f\000e\000r\000e\000n\000c\000e}{chapter.3}% 78
\BOOKMARK [1][-]{section.3.31}{\376\377\0003\000.\0003\0001\000\040\000i\000n\000j\000a\000:\000:\000S\000t\000a\000t\000e\000m\000e\000n\000t\000N\000o\000d\000e\000\040\000C\000l\000a\000s\000s\000\040\000R\000e\000f\000e\000r\000e\000n\000c\000e}{chapter.3}% 79
\BOOKMARK [1][-]{section.3.32}{\376\377\0003\000.\0003\0002\000\040\000i\000n\000j\000a\000:\000:\000S\000t\000a\000t\000i\000s\000t\000i\000c\000s\000V\000i\000s\000i\000t\000o\000r\000\040\000C\000l\000a\000s\000s\000\040\000R\000e\000f\000e\000r\000e\000n\000c\000e}{chapter.3}% 80
\BOOKMARK [2][-]{subsection.3.32.1}{\376\377\0003\000.\0003\0002\000.\0001\000\040\000D\000e\000t\000a\000i\000l\000e\000d\000\040\000D\000e\000s\000c\000r\000i\000p\000t\000i\000o\000n}{section.3.32}% 81
\BOOKMARK [1][-]{section.3.33}{\376\377\0003\000.\0003\0003\000\040\000i\000n\000j\000a\000:\000:\000T\000e\000m\000p\000l\000a\000t\000e\000\040\000S\000t\000r\000u\000c\000t\000\040\000R\000e\000f\000e\000r\000e\000n\000c\000e}{chapter.3}% 82
\BOOKMARK [2][-]{subsection.3.33.1}{\376\377\0003\000.\0003\0003\000.\0001\000\040\000D\000e\000t\000a\000i\000l\000e\000d\000\040\000D\000e\000s\000c\000r\000i\000p\000t\000i\000o\000n}{section.3.33}% 83
\BOOKMARK [1][-]{section.3.34}{\376\377\0003\000.\0003\0004\000\040\000i\000n\000j\000a\000:\000:\000T\000e\000x\000t\000N\000o\000d\000e\000\040\000C\000l\000a\000s\000s\000\040\000R\000e\000f\000e\000r\000e\000n\000c\000e}{chapter.3}% 84
\BOOKMARK [1][-]{section.3.35}{\376\377\0003\000.\0003\0005\000\040\000i\000n\000j\000a\000:\000:\000T\000o\000k\000e\000n\000\040\000S\000t\000r\000u\000c\000t\000\040\000R\000e\000f\000e\000r\000e\000n\000c\000e}{chapter.3}% 85
\BOOKMARK [2][-]{subsection.3.35.1}{\376\377\0003\000.\0003\0005\000.\0001\000\040\000D\000e\000t\000a\000i\000l\000e\000d\000\040\000D\000e\000s\000c\000r\000i\000p\000t\000i\000o\000n}{section.3.35}% 86
\BOOKMARK [1][-]{section.3.36}{\376\377\0003\000.\0003\0006\000\040\000U\000s\000e\000r\000\040\000C\000l\000a\000s\000s\000\040\000R\000e\000f\000e\000r\000e\000n\000c\000e}{chapter.3}% 87
\BOOKMARK [2][-]{subsection.3.36.1}{\376\377\0003\000.\0003\0006\000.\0001\000\040\000D\000e\000t\000a\000i\000l\000e\000d\000\040\000D\000e\000s\000c\000r\000i\000p\000t\000i\000o\000n}{section.3.36}% 88
\BOOKMARK [2][-]{subsection.3.36.2}{\376\377\0003\000.\0003\0006\000.\0002\000\040\000C\000o\000n\000s\000t\000r\000u\000c\000t\000o\000r\000\040\000\046\000\040\000D\000e\000s\000t\000r\000u\000c\000t\000o\000r\000\040\000D\000o\000c\000u\000m\000e\000n\000t\000a\000t\000i\000o\000n}{section.3.36}% 89
\BOOKMARK [3][-]{subsubsection.3.36.2.1}{\376\377\0003\000.\0003\0006\000.\0002\000.\0001\000\040\000U\000s\000e\000r\000\050\000\051\000\040\000[\0001\000/\0002\000]}{subsection.3.36.2}% 90
\BOOKMARK [3][-]{subsubsection.3.36.2.2}{\376\377\0003\000.\0003\0006\000.\0002\000.\0002\000\040\000U\000s\000e\000r\000\050\000\051\000\040\000[\0002\000/\0002\000]}{subsection.3.36.2}% 91
\BOOKMARK [2][-]{subsection.3.36.3}{\376\377\0003\000.\0003\0006\000.\0003\000\040\000M\000e\000m\000b\000e\000r\000\040\000F\000u\000n\000c\000t\000i\000o\000n\000\040\000D\000o\000c\000u\000m\000e\000n\000t\000a\000t\000i\000o\000n}{section.3.36}% 92
\BOOKMARK [3][-]{subsubsection.3.36.3.1}{\376\377\0003\000.\0003\0006\000.\0003\000.\0001\000\040\000A\000d\000d\000F\000i\000l\000e\000\050\000\051}{subsection.3.36.3}% 93
\BOOKMARK [3][-]{subsubsection.3.36.3.2}{\376\377\0003\000.\0003\0006\000.\0003\000.\0002\000\040\000A\000d\000d\000L\000o\000c\000a\000t\000i\000o\000n\000\050\000\051}{subsection.3.36.3}% 94
\BOOKMARK [3][-]{subsubsection.3.36.3.3}{\376\377\0003\000.\0003\0006\000.\0003\000.\0003\000\040\000A\000d\000d\000N\000e\000w\000O\000b\000j\000e\000c\000t\000\050\000\051}{subsection.3.36.3}% 95
\BOOKMARK [3][-]{subsubsection.3.36.3.4}{\376\377\0003\000.\0003\0006\000.\0003\000.\0004\000\040\000A\000d\000d\000R\000e\000q\000u\000e\000s\000t\000\050\000\051}{subsection.3.36.3}% 96
\BOOKMARK [3][-]{subsubsection.3.36.3.5}{\376\377\0003\000.\0003\0006\000.\0003\000.\0005\000\040\000C\000h\000e\000c\000k\000A\000c\000c\000e\000s\000s\000T\000o\000L\000o\000c\000a\000t\000i\000o\000n\000s\000\050\000\051}{subsection.3.36.3}% 97
\BOOKMARK [3][-]{subsubsection.3.36.3.6}{\376\377\0003\000.\0003\0006\000.\0003\000.\0006\000\040\000C\000h\000e\000c\000k\000G\000a\000m\000e\000R\000u\000n\000n\000i\000n\000g\000\050\000\051}{subsection.3.36.3}% 98
\BOOKMARK [3][-]{subsubsection.3.36.3.7}{\376\377\0003\000.\0003\0006\000.\0003\000.\0007\000\040\000C\000r\000e\000a\000t\000e\000B\000a\000c\000k\000u\000p\000\050\000\051}{subsection.3.36.3}% 99
\BOOKMARK [3][-]{subsubsection.3.36.3.8}{\376\377\0003\000.\0003\0006\000.\0003\000.\0008\000\040\000C\000r\000e\000a\000t\000e\000N\000e\000w\000W\000o\000r\000l\000d\000\050\000\051}{subsection.3.36.3}% 100
\BOOKMARK [3][-]{subsubsection.3.36.3.9}{\376\377\0003\000.\0003\0006\000.\0003\000.\0009\000\040\000D\000e\000l\000e\000t\000e\000B\000a\000c\000k\000u\000p\000\050\000\051}{subsection.3.36.3}% 101
\BOOKMARK [3][-]{subsubsection.3.36.3.10}{\376\377\0003\000.\0003\0006\000.\0003\000.\0001\0000\000\040\000D\000e\000l\000e\000t\000e\000F\000i\000l\000e\000\050\000\051}{subsection.3.36.3}% 102
\BOOKMARK [3][-]{subsubsection.3.36.3.11}{\376\377\0003\000.\0003\0006\000.\0003\000.\0001\0001\000\040\000D\000e\000l\000e\000t\000e\000O\000b\000j\000e\000c\000t\000\050\000\051}{subsection.3.36.3}% 103
\BOOKMARK [3][-]{subsubsection.3.36.3.12}{\376\377\0003\000.\0003\0006\000.\0003\000.\0001\0002\000\040\000D\000e\000l\000e\000t\000e\000W\000o\000r\000l\000d\000\050\000\051}{subsection.3.36.3}% 104
\BOOKMARK [3][-]{subsubsection.3.36.3.13}{\376\377\0003\000.\0003\0006\000.\0003\000.\0001\0003\000\040\000G\000e\000t\000B\000a\000c\000k\000u\000p\000s\000\050\000\051}{subsection.3.36.3}% 105
\BOOKMARK [3][-]{subsubsection.3.36.3.14}{\376\377\0003\000.\0003\0006\000.\0003\000.\0001\0004\000\040\000G\000e\000t\000C\000a\000t\000e\000g\000o\000r\000y\000\050\000\051}{subsection.3.36.3}% 106
\BOOKMARK [3][-]{subsubsection.3.36.3.15}{\376\377\0003\000.\0003\0006\000.\0003\000.\0001\0005\000\040\000G\000e\000t\000O\000b\000j\000e\000c\000t\000s\000\050\000\051}{subsection.3.36.3}% 107
\BOOKMARK [3][-]{subsubsection.3.36.3.16}{\376\377\0003\000.\0003\0006\000.\0003\000.\0001\0006\000\040\000G\000e\000t\000O\000v\000e\000r\000v\000i\000e\000w\000\050\000\051}{subsection.3.36.3}% 108
\BOOKMARK [3][-]{subsubsection.3.36.3.17}{\376\377\0003\000.\0003\0006\000.\0003\000.\0001\0007\000\040\000G\000e\000t\000P\000o\000r\000t\000O\000f\000W\000o\000r\000l\000d\000\050\000\051}{subsection.3.36.3}% 109
\BOOKMARK [3][-]{subsubsection.3.36.3.18}{\376\377\0003\000.\0003\0006\000.\0003\000.\0001\0008\000\040\000G\000e\000t\000W\000o\000r\000l\000d\000\050\000\051}{subsection.3.36.3}% 110
\BOOKMARK [3][-]{subsubsection.3.36.3.19}{\376\377\0003\000.\0003\0006\000.\0003\000.\0001\0009\000\040\000R\000e\000m\000o\000v\000e\000R\000e\000q\000u\000e\000s\000t\000\050\000\051}{subsection.3.36.3}% 111
\BOOKMARK [3][-]{subsubsection.3.36.3.20}{\376\377\0003\000.\0003\0006\000.\0003\000.\0002\0000\000\040\000R\000e\000s\000t\000o\000r\000e\000B\000a\000c\000k\000u\000p\000\050\000\051}{subsection.3.36.3}% 112
\BOOKMARK [3][-]{subsubsection.3.36.3.21}{\376\377\0003\000.\0003\0006\000.\0003\000.\0002\0001\000\040\000S\000a\000f\000e\000U\000s\000e\000r\000\050\000\051}{subsection.3.36.3}% 113
\BOOKMARK [3][-]{subsubsection.3.36.3.22}{\376\377\0003\000.\0003\0006\000.\0003\000.\0002\0002\000\040\000W\000r\000i\000t\000e\000O\000b\000j\000e\000c\000t\000\050\000\051}{subsection.3.36.3}% 114
\BOOKMARK [1][-]{section.3.37}{\376\377\0003\000.\0003\0007\000\040\000U\000s\000e\000r\000M\000a\000n\000a\000g\000e\000r\000\040\000C\000l\000a\000s\000s\000\040\000R\000e\000f\000e\000r\000e\000n\000c\000e}{chapter.3}% 115
\BOOKMARK [2][-]{subsection.3.37.1}{\376\377\0003\000.\0003\0007\000.\0001\000\040\000D\000e\000t\000a\000i\000l\000e\000d\000\040\000D\000e\000s\000c\000r\000i\000p\000t\000i\000o\000n}{section.3.37}% 116
\BOOKMARK [2][-]{subsection.3.37.2}{\376\377\0003\000.\0003\0007\000.\0002\000\040\000C\000o\000n\000s\000t\000r\000u\000c\000t\000o\000r\000\040\000\046\000\040\000D\000e\000s\000t\000r\000u\000c\000t\000o\000r\000\040\000D\000o\000c\000u\000m\000e\000n\000t\000a\000t\000i\000o\000n}{section.3.37}% 117
\BOOKMARK [3][-]{subsubsection.3.37.2.1}{\376\377\0003\000.\0003\0007\000.\0002\000.\0001\000\040\000U\000s\000e\000r\000M\000a\000n\000a\000g\000e\000r\000\050\000\051}{subsection.3.37.2}% 118
\BOOKMARK [2][-]{subsection.3.37.3}{\376\377\0003\000.\0003\0007\000.\0003\000\040\000M\000e\000m\000b\000e\000r\000\040\000F\000u\000n\000c\000t\000i\000o\000n\000\040\000D\000o\000c\000u\000m\000e\000n\000t\000a\000t\000i\000o\000n}{section.3.37}% 119
\BOOKMARK [3][-]{subsubsection.3.37.3.1}{\376\377\0003\000.\0003\0007\000.\0003\000.\0001\000\040\000D\000e\000l\000e\000t\000e\000U\000s\000e\000r\000\050\000\051}{subsection.3.37.3}% 120
\BOOKMARK [3][-]{subsubsection.3.37.3.2}{\376\377\0003\000.\0003\0007\000.\0003\000.\0002\000\040\000D\000o\000L\000o\000g\000i\000n\000\050\000\051}{subsection.3.37.3}% 121
\BOOKMARK [3][-]{subsubsection.3.37.3.3}{\376\377\0003\000.\0003\0007\000.\0003\000.\0003\000\040\000D\000o\000L\000o\000g\000o\000u\000t\000\050\000\051}{subsection.3.37.3}% 122
\BOOKMARK [3][-]{subsubsection.3.37.3.4}{\376\377\0003\000.\0003\0007\000.\0003\000.\0004\000\040\000D\000o\000R\000e\000g\000i\000s\000t\000r\000a\000t\000i\000o\000n\000\050\000\051}{subsection.3.37.3}% 123
\BOOKMARK [3][-]{subsubsection.3.37.3.5}{\376\377\0003\000.\0003\0007\000.\0003\000.\0005\000\040\000G\000e\000n\000e\000r\000a\000t\000e\000C\000o\000o\000k\000i\000e\000\050\000\051}{subsection.3.37.3}% 124
\BOOKMARK [3][-]{subsubsection.3.37.3.6}{\376\377\0003\000.\0003\0007\000.\0003\000.\0006\000\040\000G\000e\000t\000A\000l\000l\000W\000o\000r\000l\000d\000s\000\050\000\051}{subsection.3.37.3}% 125
\BOOKMARK [3][-]{subsubsection.3.37.3.7}{\376\377\0003\000.\0003\0007\000.\0003\000.\0007\000\040\000G\000e\000t\000N\000e\000x\000t\000P\000o\000r\000t\000\050\000\051}{subsection.3.37.3}% 126
\BOOKMARK [3][-]{subsubsection.3.37.3.8}{\376\377\0003\000.\0003\0007\000.\0003\000.\0008\000\040\000G\000e\000t\000S\000h\000a\000r\000e\000d\000W\000o\000r\000l\000d\000s\000\050\000\051}{subsection.3.37.3}% 127
\BOOKMARK [3][-]{subsubsection.3.37.3.9}{\376\377\0003\000.\0003\0007\000.\0003\000.\0009\000\040\000G\000e\000t\000U\000s\000e\000r\000\050\000\051}{subsection.3.37.3}% 128
\BOOKMARK [3][-]{subsubsection.3.37.3.10}{\376\377\0003\000.\0003\0007\000.\0003\000.\0001\0000\000\040\000G\000e\000t\000U\000s\000e\000r\000F\000r\000o\000m\000C\000o\000o\000k\000i\000e\000\050\000\051}{subsection.3.37.3}% 129
\BOOKMARK [3][-]{subsubsection.3.37.3.11}{\376\377\0003\000.\0003\0007\000.\0003\000.\0001\0001\000\040\000G\000r\000a\000n\000t\000A\000c\000c\000e\000s\000s\000T\000o\000\050\000\051}{subsection.3.37.3}% 130
\BOOKMARK [1][-]{section.3.38}{\376\377\0003\000.\0003\0008\000\040\000W\000o\000r\000l\000d\000\040\000C\000l\000a\000s\000s\000\040\000R\000e\000f\000e\000r\000e\000n\000c\000e}{chapter.3}% 131
\BOOKMARK [2][-]{subsection.3.38.1}{\376\377\0003\000.\0003\0008\000.\0001\000\040\000D\000e\000t\000a\000i\000l\000e\000d\000\040\000D\000e\000s\000c\000r\000i\000p\000t\000i\000o\000n}{section.3.38}% 132
\BOOKMARK [2][-]{subsection.3.38.2}{\376\377\0003\000.\0003\0008\000.\0002\000\040\000C\000o\000n\000s\000t\000r\000u\000c\000t\000o\000r\000\040\000\046\000\040\000D\000e\000s\000t\000r\000u\000c\000t\000o\000r\000\040\000D\000o\000c\000u\000m\000e\000n\000t\000a\000t\000i\000o\000n}{section.3.38}% 133
\BOOKMARK [3][-]{subsubsection.3.38.2.1}{\376\377\0003\000.\0003\0008\000.\0002\000.\0001\000\040\000W\000o\000r\000l\000d\000\050\000\051}{subsection.3.38.2}% 134
\BOOKMARK [3][-]{subsubsection.3.38.2.2}{\376\377\0003\000.\0003\0008\000.\0002\000.\0002\000\040\000\040\000W\000o\000r\000l\000d\000\050\000\051}{subsection.3.38.2}% 135
\BOOKMARK [2][-]{subsection.3.38.3}{\376\377\0003\000.\0003\0008\000.\0003\000\040\000M\000e\000m\000b\000e\000r\000\040\000F\000u\000n\000c\000t\000i\000o\000n\000\040\000D\000o\000c\000u\000m\000e\000n\000t\000a\000t\000i\000o\000n}{section.3.38}% 136
\BOOKMARK [3][-]{subsubsection.3.38.3.1}{\376\377\0003\000.\0003\0008\000.\0003\000.\0001\000\040\000G\000e\000t\000P\000a\000g\000e\000\050\000\051}{subsection.3.38.3}% 137
\BOOKMARK [1][-]{section.3.39}{\376\377\0003\000.\0003\0009\000\040\000W\000o\000r\000l\000d\000s\000\040\000C\000l\000a\000s\000s\000\040\000R\000e\000f\000e\000r\000e\000n\000c\000e}{chapter.3}% 138
\BOOKMARK [2][-]{subsection.3.39.1}{\376\377\0003\000.\0003\0009\000.\0001\000\040\000D\000e\000t\000a\000i\000l\000e\000d\000\040\000D\000e\000s\000c\000r\000i\000p\000t\000i\000o\000n}{section.3.39}% 139
\BOOKMARK [2][-]{subsection.3.39.2}{\376\377\0003\000.\0003\0009\000.\0002\000\040\000C\000o\000n\000s\000t\000r\000u\000c\000t\000o\000r\000\040\000\046\000\040\000D\000e\000s\000t\000r\000u\000c\000t\000o\000r\000\040\000D\000o\000c\000u\000m\000e\000n\000t\000a\000t\000i\000o\000n}{section.3.39}% 140
\BOOKMARK [3][-]{subsubsection.3.39.2.1}{\376\377\0003\000.\0003\0009\000.\0002\000.\0001\000\040\000W\000o\000r\000l\000d\000s\000\050\000\051}{subsection.3.39.2}% 141
\BOOKMARK [3][-]{subsubsection.3.39.2.2}{\376\377\0003\000.\0003\0009\000.\0002\000.\0002\000\040\000\040\000W\000o\000r\000l\000d\000s\000\050\000\051}{subsection.3.39.2}% 142
\BOOKMARK [2][-]{subsection.3.39.3}{\376\377\0003\000.\0003\0009\000.\0003\000\040\000M\000e\000m\000b\000e\000r\000\040\000F\000u\000n\000c\000t\000i\000o\000n\000\040\000D\000o\000c\000u\000m\000e\000n\000t\000a\000t\000i\000o\000n}{section.3.39}% 143
\BOOKMARK [3][-]{subsubsection.3.39.3.1}{\376\377\0003\000.\0003\0009\000.\0003\000.\0001\000\040\000G\000e\000t\000P\000a\000g\000e\000\050\000\051}{subsection.3.39.3}% 144
\BOOKMARK [0][-]{section*.99}{\376\377\000I\000n\000d\000e\000x}{}% 145
